2017-05-21 22:27:39,251 INFO  [Log] New driver instantiated 
2017-05-21 22:27:39,335 INFO  [Log] Implicit wait applied on the driver for 10 seconds 
2017-05-21 22:27:46,300 INFO  [Log] Web application launched successfully 
2017-05-21 22:27:46,436 INFO  [Log] Username text box is found on the Login Page 
2017-05-21 22:27:46,511 INFO  [Log] v5new6auto is entered in UserName text box 
2017-05-21 22:27:46,520 INFO  [Log] Password text box is found on the Login page 
2017-05-21 22:27:46,569 INFO  [Log] innotas is entered in Password text box 
2017-05-21 22:27:46,624 INFO  [Log] Submit button is found on the Login page 
2017-05-21 22:27:52,855 INFO  [Log] Click action is performed on Submit button 
2017-05-21 22:28:27,900 INFO  [Log] Timesheet Page Loaded after login 
2017-05-21 22:28:27,900 INFO  [Log] SignIn Action Completed 
2017-05-21 22:28:27,975 INFO  [Log] Project Entity link is found under Top Navigation 
2017-05-21 22:28:28,229 INFO  [Log] Click action is performed on the selected Product Type 
2017-05-21 22:28:28,229 INFO  [Log] Project Entity page is opened 
2017-05-21 22:28:36,331 INFO  [Log] New Button found on the page 
2017-05-21 22:28:36,414 INFO  [Log] New Button Clicked 
2017-05-21 22:28:39,429 INFO  [Log] Category Combobox found on the New Dialog 
2017-05-21 22:28:39,647 INFO  [Log] Project category combo Clicked 
2017-05-21 22:28:42,670 INFO  [Log] Category List found on the New Dialog 
2017-05-21 22:28:42,887 INFO  [Log] Project Auto category Selected 
2017-05-21 22:28:42,920 INFO  [Log] Program Combobox found on the New Dialog 
2017-05-21 22:28:43,062 INFO  [Log] Project Program combo Clicked 
2017-05-21 22:28:46,076 INFO  [Log] Program List found on the New Dialog 
2017-05-21 22:28:46,139 INFO  [Log] Project Program- Program 01 Selected 
2017-05-21 22:28:46,156 INFO  [Log] Next Button found on the New Dialog 
2017-05-21 22:28:46,348 INFO  [Log] Project New Dialog Next button Clicked 
2017-05-21 22:28:48,326 INFO  [Log] Title field found on the New Dialog 
2017-05-21 22:28:49,700 INFO  [Log] Project Title field cleared 
2017-05-21 22:28:49,720 INFO  [Log] Title field found on the New Dialog 
2017-05-21 22:28:49,890 INFO  [Log] Auto Project Sun May 21 22:28:36 IST 2017 is entered in Project Title text box 
2017-05-21 22:28:49,909 INFO  [Log] Status Combobox found on the New Dialog 
2017-05-21 22:28:50,447 INFO  [Log] Project Status combo Clicked 
2017-05-21 22:28:50,465 INFO  [Log] Status List found on the New Dialog 
2017-05-21 22:28:50,965 INFO  [Log] Project Status- Hold Selected 
2017-05-21 22:28:50,981 INFO  [Log] Save Button found on the New Dialog 
2017-05-21 22:28:51,681 INFO  [Log] Project Save button clicked 
2017-05-21 22:29:11,703 INFO  [Log] Auto Project Sun May 21 22:28:36 IST 2017 found in UI 
2017-05-21 22:29:11,723 INFO  [Log] Auto Project Sun May 21 22:28:36 IST 2017 
2017-05-21 22:29:11,742 INFO  [Log] Auto Project Sun May 21 22:28:36 IST 2017 found in UI 
2017-05-21 22:29:11,762 ERROR [Log] Project Title not showing in UI 
2017-05-21 22:29:11,777 INFO  [Log] Details menu found in UI 
2017-05-21 22:29:12,024 INFO  [Log] Project Details tab clicked 
2017-05-21 22:29:12,107 INFO  [Log] XXXXXXXXXXXXXXXXXXXXXXX             -E---N---D-             XXXXXXXXXXXXXXXXXXXXXX 
2017-05-21 22:29:12,107 INFO  [Log] X 
2017-05-21 22:29:12,107 INFO  [Log] X 
2017-05-21 22:29:12,107 INFO  [Log] X 
2017-05-21 22:29:12,107 INFO  [Log] X 
2017-05-21 22:32:36,422 INFO  [Log] **************************************************************************************** 
2017-05-21 22:32:36,422 INFO  [Log] **************************************************************************************** 
2017-05-21 22:32:36,422 INFO  [Log] $$$$$$$$$$$$$$$$$$$$$                 Login       $$$$$$$$$$$$$$$$$$$$$$$$$ 
2017-05-21 22:32:36,423 INFO  [Log] **************************************************************************************** 
2017-05-21 22:32:36,423 INFO  [Log] **************************************************************************************** 
2017-05-21 22:32:55,118 INFO  [Log] New driver instantiated 
2017-05-21 22:32:55,159 INFO  [Log] Implicit wait applied on the driver for 10 seconds 
2017-05-21 22:32:59,939 INFO  [Log] Web application launched successfully 
2017-05-21 22:33:00,077 INFO  [Log] Username text box is found on the Login Page 
2017-05-21 22:33:00,183 INFO  [Log] v5new6auto is entered in UserName text box 
2017-05-21 22:33:00,195 INFO  [Log] Password text box is found on the Login page 
2017-05-21 22:33:00,254 INFO  [Log] innotas is entered in Password text box 
2017-05-21 22:33:00,274 INFO  [Log] Submit button is found on the Login page 
2017-05-21 22:33:05,559 INFO  [Log] Click action is performed on Submit button 
2017-05-21 22:33:40,615 INFO  [Log] Timesheet Page Loaded after login 
2017-05-21 22:33:40,615 INFO  [Log] SignIn Action Completed 
2017-05-21 22:33:40,665 INFO  [Log] Project Entity link is found under Top Navigation 
2017-05-21 22:33:40,905 INFO  [Log] Click action is performed on the selected Product Type 
2017-05-21 22:33:40,905 INFO  [Log] Project Entity page is opened 
2017-05-21 22:33:49,116 INFO  [Log] New Button found on the page 
2017-05-21 22:33:49,207 INFO  [Log] New Button Clicked 
2017-05-21 22:33:52,223 INFO  [Log] Category Combobox found on the New Dialog 
2017-05-21 22:33:52,451 INFO  [Log] Project category combo Clicked 
2017-05-21 22:33:55,469 INFO  [Log] Category List found on the New Dialog 
2017-05-21 22:33:55,652 INFO  [Log] Project Auto category Selected 
2017-05-21 22:33:55,689 INFO  [Log] Program Combobox found on the New Dialog 
2017-05-21 22:33:55,841 INFO  [Log] Project Program combo Clicked 
2017-05-21 22:33:58,859 INFO  [Log] Program List found on the New Dialog 
2017-05-21 22:33:58,925 INFO  [Log] Project Program- Program 01 Selected 
2017-05-21 22:33:58,941 INFO  [Log] Next Button found on the New Dialog 
2017-05-21 22:33:59,152 INFO  [Log] Project New Dialog Next button Clicked 
2017-05-21 22:34:03,056 INFO  [Log] Title field found on the New Dialog 
2017-05-21 22:34:03,149 INFO  [Log] Project Title field cleared 
2017-05-21 22:34:03,168 INFO  [Log] Title field found on the New Dialog 
2017-05-21 22:34:03,410 INFO  [Log] Auto Project Sun May 21 22:33:48 IST 2017 is entered in Project Title text box 
2017-05-21 22:34:03,803 INFO  [Log] Status Combobox found on the New Dialog 
2017-05-21 22:34:04,008 INFO  [Log] Project Status combo Clicked 
2017-05-21 22:34:04,025 INFO  [Log] Status List found on the New Dialog 
2017-05-21 22:34:04,469 INFO  [Log] Project Status- Hold Selected 
2017-05-21 22:34:04,492 INFO  [Log] Save Button found on the New Dialog 
2017-05-21 22:34:05,130 INFO  [Log] Project Save button clicked 
2017-05-21 22:34:25,149 INFO  [Log] Auto Project Sun May 21 22:33:48 IST 2017 found in UI 
2017-05-21 22:34:25,167 INFO  [Log] Auto Project Sun May 21 22:33:48 IST 2017 
2017-05-21 22:34:25,183 INFO  [Log] Auto Project Sun May 21 22:33:48 IST 2017 found in UI 
2017-05-21 22:34:25,198 INFO  [Log] Project title verified 
2017-05-21 22:34:25,212 INFO  [Log] Details menu found in UI 
2017-05-21 22:34:25,406 INFO  [Log] Project Details tab clicked 
2017-05-21 22:34:25,440 INFO  [Log] XXXXXXXXXXXXXXXXXXXXXXX             -E---N---D-             XXXXXXXXXXXXXXXXXXXXXX 
2017-05-21 22:34:25,440 INFO  [Log] X 
2017-05-21 22:34:25,440 INFO  [Log] X 
2017-05-21 22:34:25,440 INFO  [Log] X 
2017-05-21 22:34:25,440 INFO  [Log] X 
